   Compiling Nes v0.1.0 (C:\Users\sylvi\OneDrive\Documents\Julien\Nes\Nes)
warning: unused import: `crate::bus::Bus`
 --> src\instructions\lax.rs:2:5
  |
2 | use crate::bus::Bus;
  |     ^^^^^^^^^^^^^^^
  |
  = note: `#[warn(unused_imports)]` on by default

warning: unused import: `crate::rom::Rom`
 --> src\instructions\lax.rs:3:5
  |
3 | use crate::rom::Rom;
  |     ^^^^^^^^^^^^^^^

warning: unused import: `crate::bus::Bus`
 --> src\instructions\aax.rs:2:5
  |
2 | use crate::bus::Bus;
  |     ^^^^^^^^^^^^^^^

warning: unused import: `crate::rom::Rom`
 --> src\instructions\aax.rs:3:5
  |
3 | use crate::rom::Rom;
  |     ^^^^^^^^^^^^^^^

warning: unused import: `crate::bus::Bus`
 --> src\instructions\xaa.rs:2:5
  |
2 | use crate::bus::Bus;
  |     ^^^^^^^^^^^^^^^

warning: unused import: `crate::rom::Rom`
 --> src\instructions\xaa.rs:3:5
  |
3 | use crate::rom::Rom;
  |     ^^^^^^^^^^^^^^^

warning: unused import: `crate::bus::Bus`
 --> src\instructions\atx.rs:2:5
  |
2 | use crate::bus::Bus;
  |     ^^^^^^^^^^^^^^^

warning: unused import: `crate::rom::Rom`
 --> src\instructions\atx.rs:3:5
  |
3 | use crate::rom::Rom;
  |     ^^^^^^^^^^^^^^^

warning: unused import: `crate::bus::Bus`
 --> src\instructions\arr.rs:2:5
  |
2 | use crate::bus::Bus;
  |     ^^^^^^^^^^^^^^^

warning: unused import: `crate::rom::Rom`
 --> src\instructions\arr.rs:3:5
  |
3 | use crate::rom::Rom;
  |     ^^^^^^^^^^^^^^^

warning: unused import: `crate::bus::Bus`
 --> src\instructions\asr.rs:2:5
  |
2 | use crate::bus::Bus;
  |     ^^^^^^^^^^^^^^^

warning: unused import: `crate::rom::Rom`
 --> src\instructions\asr.rs:3:5
  |
3 | use crate::rom::Rom;
  |     ^^^^^^^^^^^^^^^

warning: unused import: `crate::bus::Bus`
 --> src\instructions\axs.rs:2:5
  |
2 | use crate::bus::Bus;
  |     ^^^^^^^^^^^^^^^

warning: unused import: `crate::rom::Rom`
 --> src\instructions\axs.rs:3:5
  |
3 | use crate::rom::Rom;
  |     ^^^^^^^^^^^^^^^

warning: unused import: `StatusFlag`
 --> src\instructions\axa.rs:1:27
  |
1 | use crate::cpu6502::{CPU, StatusFlag};
  |                           ^^^^^^^^^^

warning: unused import: `crate::bus::Bus`
 --> src\instructions\axa.rs:2:5
  |
2 | use crate::bus::Bus;
  |     ^^^^^^^^^^^^^^^

warning: unused import: `crate::rom::Rom`
 --> src\instructions\axa.rs:3:5
  |
3 | use crate::rom::Rom;
  |     ^^^^^^^^^^^^^^^

warning: unused import: `crate::bus::Bus`
 --> src\instructions\lar.rs:2:5
  |
2 | use crate::bus::Bus;
  |     ^^^^^^^^^^^^^^^

warning: unused import: `crate::rom::Rom`
 --> src\instructions\lar.rs:3:5
  |
3 | use crate::rom::Rom;
  |     ^^^^^^^^^^^^^^^

warning: unused import: `crate::cpu6502::trace`
 --> src\main.rs:6:5
  |
6 | use crate::cpu6502::trace;
  |     ^^^^^^^^^^^^^^^^^^^^^

warning: variable does not need to be mutable
  --> src\instructions\arr.rs:10:13
   |
10 |         let mut temp = self.accumulator & value;
   |             ----^^^^
   |             |
   |             help: remove this `mut`
   |
   = note: `#[warn(unused_mut)]` on by default

warning: variable does not need to be mutable
 --> src\instructions\asr.rs:8:13
  |
8 |         let mut temp = self.accumulator & value;
  |             ----^^^^
  |             |
  |             help: remove this `mut`

warning: unused variable: `value`
 --> src\instructions\axa.rs:7:13
  |
7 |         let value = opt_value.expect("BUG: memory value of AXA should be present");
  |             ^^^^^ help: if this is intentional, prefix it with an underscore: `_value`
  |
  = note: `#[warn(unused_variables)]` on by default

warning: unused variable: `cpu`
  --> src\main.rs:29:33
   |
29 |     cpu.run_with_callback(move |cpu| {
   |                                 ^^^ help: if this is intentional, prefix it with an underscore: `_cpu`

warning: type `Bus` is more private than the item `new_cpu`
  --> src\cpu6502.rs:88:1
   |
88 | pub fn new_cpu(bus: Bus) -> CPU {
   | ^^^^^^^^^^^^^^^^^^^^^^^^^^^^^^^ function `new_cpu` is reachable at visibility `pub`
   |
note: but type `Bus` is only usable at visibility `pub(crate)`
  --> src\bus.rs:15:1
   |
15 | pub(crate) struct Bus {
   | ^^^^^^^^^^^^^^^^^^^^^
   = note: `#[warn(private_interfaces)]` on by default

warning: type `CPU` is more private than the item `new_cpu`
  --> src\cpu6502.rs:88:1
   |
88 | pub fn new_cpu(bus: Bus) -> CPU {
   | ^^^^^^^^^^^^^^^^^^^^^^^^^^^^^^^ function `new_cpu` is reachable at visibility `pub`
   |
note: but type `CPU` is only usable at visibility `pub(crate)`
  --> src\cpu6502.rs:5:1
   |
 5 | pub(crate) struct CPU {
   | ^^^^^^^^^^^^^^^^^^^^^

warning: type `CPU` is more private than the item `trace`
   --> src\cpu6502.rs:796:1
    |
796 | pub fn trace(cpu: &mut CPU) -> String {
    | ^^^^^^^^^^^^^^^^^^^^^^^^^^^^^^^^^^^^^ function `trace` is reachable at visibility `pub`
    |
note: but type `CPU` is only usable at visibility `pub(crate)`
   --> src\cpu6502.rs:5:1
    |
  5 | pub(crate) struct CPU {
    | ^^^^^^^^^^^^^^^^^^^^^

warning: `Nes` (bin "Nes") generated 27 warnings (run `cargo fix --bin "Nes"` to apply 22 suggestions)
    Finished `dev` profile [unoptimized + debuginfo] target(s) in 0.92s
     Running `target\debug\Nes.exe`
Memory access at 16405 not handled
Memory access at 16405 not handled
Memory access at 16388 not handled
Memory access at 16388 not handled
Memory access at 16389 not handled
Memory access at 16389 not handled
Memory access at 16390 not handled
Memory access at 16390 not handled
Memory access at 16391 not handled
Memory access at 16391 not handled
